0 verbose cli /Users/carolineeastwood/nf-core-riboseq/.cache/pre-commit/repop53w_kpk/node_env-default/bin/node /Users/carolineeastwood/nf-core-riboseq/.cache/pre-commit/repop53w_kpk/node_env-default/bin/npm
1 info using npm@9.7.2
2 info using node@v20.4.0
3 timing npm:load:whichnode Completed in 6ms
4 timing config:load:defaults Completed in 3ms
5 timing config:load:file:/Users/carolineeastwood/nf-core-riboseq/.cache/pre-commit/repop53w_kpk/node_env-default/lib/node_modules/npm/npmrc Completed in 4ms
6 timing config:load:builtin Completed in 4ms
7 timing config:load:cli Completed in 5ms
8 timing config:load:env Completed in 0ms
9 timing config:load:project Completed in 4ms
10 timing config:load:file:/Users/carolineeastwood/nf-core-riboseq/.npmrc Completed in 3ms
11 timing config:load:user Completed in 3ms
12 timing config:load:file:/Users/carolineeastwood/nf-core-riboseq/.cache/pre-commit/repop53w_kpk/node_env-default/etc/npmrc Completed in 2ms
13 timing config:load:global Completed in 3ms
14 timing config:load:setEnvs Completed in 1ms
15 timing config:load Completed in 24ms
16 timing npm:load:configload Completed in 24ms
17 timing config:load:flatten Completed in 3ms
18 timing npm:load:mkdirpcache Completed in 4ms
19 timing npm:load:mkdirplogs Completed in 3ms
20 verbose title npm install /Users/carolineeastwood/nf-core-riboseq/.cache/pre-commit/repop53w_kpk/placeholder_package-0.0.0.tgz prettier@2.7.1
21 verbose argv "install" "--global" "/Users/carolineeastwood/nf-core-riboseq/.cache/pre-commit/repop53w_kpk/placeholder_package-0.0.0.tgz" "prettier@2.7.1"
22 timing npm:load:setTitle Completed in 2ms
23 timing npm:load:display Completed in 1ms
24 verbose logfile logs-max:10 dir:/Users/carolineeastwood/nf-core-riboseq/.npm/_logs/2023-07-14T01_08_26_170Z-
25 verbose logfile /Users/carolineeastwood/nf-core-riboseq/.npm/_logs/2023-07-14T01_08_26_170Z-debug-0.log
26 timing npm:load:logFile Completed in 57ms
27 timing npm:load:timers Completed in 0ms
28 timing npm:load:configScope Completed in 0ms
29 timing npm:load Completed in 152ms
30 timing config:load:flatten Completed in 1ms
31 timing arborist:ctor Completed in 2ms
32 timing idealTree:init Completed in 11ms
33 silly logfile done cleaning log files
34 timing idealTree:userRequests Completed in 182ms
35 silly idealTree buildDeps
36 silly fetch manifest prettier@2.7.1
37 http fetch GET 200 https://registry.npmjs.org/prettier 406ms (cache miss)
38 silly fetch manifest placeholder_package@file:../../placeholder_package-0.0.0.tgz
39 silly placeDep ROOT placeholder_package@0.0.0 OK for:  want: file:../../placeholder_package-0.0.0.tgz
40 silly placeDep ROOT prettier@2.7.1 OK for:  want: 2.7.1
41 timing idealTree:#root Completed in 612ms
42 timing idealTree:node_modules/placeholder_package Completed in 0ms
43 timing idealTree:node_modules/prettier Completed in 0ms
44 timing idealTree:buildDeps Completed in 623ms
45 timing idealTree:fixDepFlags Completed in 2ms
46 timing idealTree Completed in 829ms
47 timing reify:loadTrees Completed in 839ms
48 timing reify:diffTrees Completed in 2ms
49 silly reify moves {}
50 timing reify:retireShallow Completed in 4ms
51 timing reify:createSparse Completed in 14ms
52 timing reify:loadBundles Completed in 0ms
53 silly tarball no local data for prettier@https://registry.npmjs.org/prettier/-/prettier-2.7.1.tgz. Extracting by manifest.
54 timing reifyNode:node_modules/placeholder_package Completed in 77ms
55 http fetch GET 200 https://registry.npmjs.org/npm 1198ms (cache miss)
56 http fetch GET 200 https://registry.npmjs.org/prettier/-/prettier-2.7.1.tgz 4768ms (cache miss)
57 timing reifyNode:node_modules/prettier Completed in 4792ms
58 timing reify:unpack Completed in 4794ms
59 timing reify:unretire Completed in 0ms
60 timing build:queue Completed in 5ms
61 timing build:link:node_modules/prettier Completed in 20ms
62 timing build:link Completed in 22ms
63 timing build:deps Completed in 31ms
64 timing build Completed in 33ms
65 timing reify:build Completed in 35ms
66 timing reify:trash Completed in 0ms
67 timing reify Completed in 5801ms
68 silly ADD node_modules/prettier
69 silly ADD node_modules/placeholder_package
70 timing command:install Completed in 5833ms
71 notice
71 notice New minor version of npm available! 9.7.2 -> 9.8.0
71 notice Changelog: <https://github.com/npm/cli/releases/tag/v9.8.0>
71 notice Run `npm install -g npm@9.8.0` to update!
71 notice
72 verbose exit 0
73 timing npm Completed in 9293ms
74 info ok
